This is pdfTeX, Version 3.14159-1.00a-pretest-20011114-ojmw (Web2C 7.3.7) (format=pdflatex 2003.6.10)  19 OCT 2005 12:01
**abstracts
(./abstracts.tex{/usr/share/texmf/pdftex/config/pdftex.cfg}
LaTeX2e <2001/06/01>
Babel <v3.7h> and hyphenation patterns for american, french, german, ngerman, i
talian, nohyphenation, loaded.
(/usr/share/texmf/tex/latex/base/article.cls
Document Class: article 2001/04/21 v1.4e Standard LaTeX document class
(/usr/share/texmf/tex/latex/base/size12.clo
File: size12.clo 2001/04/21 v1.4e Standard LaTeX file (size option)
)
\c@part=\count79
\c@section=\count80
\c@subsection=\count81
\c@subsubsection=\count82
\c@paragraph=\count83
\c@subparagraph=\count84
\c@figure=\count85
\c@table=\count86
\abovecaptionskip=\skip41
\belowcaptionskip=\skip42
\bibindent=\dimen102
) (./abstracts.aux)
\openout1 = `abstracts.aux'.

LaTeX Font Info:    Checking defaults for OML/cmm/m/it on input line 19.
LaTeX Font Info:    ... okay on input line 19.
LaTeX Font Info:    Checking defaults for T1/cmr/m/n on input line 19.
LaTeX Font Info:    ... okay on input line 19.
LaTeX Font Info:    Checking defaults for OT1/cmr/m/n on input line 19.
LaTeX Font Info:    ... okay on input line 19.
LaTeX Font Info:    Checking defaults for OMS/cmsy/m/n on input line 19.
LaTeX Font Info:    ... okay on input line 19.
LaTeX Font Info:    Checking defaults for OMX/cmex/m/n on input line 19.
LaTeX Font Info:    ... okay on input line 19.
LaTeX Font Info:    Checking defaults for U/cmr/m/n on input line 19.
LaTeX Font Info:    ... okay on input line 19.
LaTeX Font Info:    Try loading font information for OMS+cmr on input line 34.

(/usr/share/texmf/tex/latex/base/omscmr.fd
File: omscmr.fd 1999/05/25 v2.5h Standard LaTeX font definitions
)
LaTeX Font Info:    Font shape `OMS/cmr/m/n' in size <12> not available
(Font)              Font shape `OMS/cmsy/m/n' tried instead on input line 34.
LaTeX Font Info:    External font `cmex10' loaded for size
(Font)              <12> on input line 39.
LaTeX Font Info:    External font `cmex10' loaded for size
(Font)              <8> on input line 39.
LaTeX Font Info:    External font `cmex10' loaded for size
(Font)              <6> on input line 39.
Missing character: There is no ^^e0 in font cmr12!
Missing character: There is no ^^e0 in font cmr12!
 [1

{/usr/share/texmf/dvips/config/pdftex.map
Warning: pdflatex (file /usr/share/texmf/dvips/config/pdftex.map): invalid entr
y for `rtxphvbo': SlantFont/ExtendFont can be used only with embedded T1 fonts

Warning: pdflatex (file /usr/share/texmf/dvips/config/pdftex.map): invalid entr
y for `rtxphvro': SlantFont/ExtendFont can be used only with embedded T1 fonts

Warning: pdflatex (file /usr/share/texmf/dvips/config/pdftex.map): invalid entr
y for `rtxptmbo': SlantFont/ExtendFont can be used only with embedded T1 fonts

Warning: pdflatex (file /usr/share/texmf/dvips/config/pdftex.map): invalid entr
y for `rtxptmro': SlantFont/ExtendFont can be used only with embedded T1 fonts
}] [2]
Overfull \hbox (2.80147pt too wide) in paragraph at lines 213--215
[]/cmbx12/Mingione Giuseppe Rosario /cmr12/(Uni-ver-sit^^Ra di Parma), /cmti12/
``Stime Calderon-Zygmund
 []

[3]
Overfull \hbox (7.82762pt too wide) in paragraph at lines 277--279
[]/cmr12/Questo prob-lema si in-quadra nell'ambito dei sis-temi el-lit-tici con
 crescita anisotropa. 
 []


Overfull \hbox (2.39734pt too wide) in paragraph at lines 281--283
[]/cmbx12/Santambrogio Fil-ippo /cmr12/(SNS Pisa), /cmti12/``Asymp-totics of op
-ti-mal compliance-location
 []

[4] [5] (./abstracts.aux) ) 
Here is how much of TeX's memory you used:
 263 strings out of 10424
 2835 string characters out of 65274
 49504 words of memory out of 263001
 3328 multiletter control sequences out of 10000+0
 8864 words of font info for 31 fonts, out of 400000 for 1000
 14 hyphenation exceptions out of 1000
 22i,8n,19p,144b,252s stack positions out of 300i,100n,500p,50000b,4000s
</usr/share/texmf/fonts/type1/bluesky/cm/cmsy8.pfb><
/usr/share/texmf/fonts/type1/bluesky/cm/cmmi6.pfb></usr/share/texmf/fonts/type1
/bluesky/cm/cmmi12.pfb></usr/share/texmf/fonts/type1/bluesky/cm/cmr8.pfb></usr/
share/texmf/fonts/type1/bluesky/cm/cmex10.pfb></usr/share/texmf/fonts/type1/blu
esky/cm/cmmi8.pfb></usr/share/texmf/fonts/type1/bluesky/cm/cmti12.pfb></usr/sha
re/texmf/fonts/type1/bluesky/cm/cmr12.pfb></usr/share/texmf/fonts/type1/bluesky
/cm/cmsy10.pfb></usr/share/texmf/fonts/type1/bluesky/cm/cmr10.pfb></usr/share/t
exmf/fonts/type1/bluesky/cm/cmbx10.pfb></usr/share/texmf/fonts/type1/bluesky/cm
/cmbx12.pfb>
Output written on abstracts.pdf (5 pages, 98818 bytes).
