This is pdfeTeX, Version 3.141592-1.21a-2.2 (Web2C 7.5.4) (format=latex 2008.2.13)  23 JAN 2009 12:30
entering extended mode
**partecipanti.tex
(./partecipanti.tex
LaTeX2e <2003/12/01>
Babel <v3.8d> and hyphenation patterns for american, french, german, ngerman, b
ahasa, basque, bulgarian, catalan, croatian, czech, danish, dutch, esperanto, e
stonian, finnish, greek, icelandic, irish, italian, latin, magyar, norsk, polis
h, portuges, romanian, russian, serbian, slovak, slovene, spanish, swedish, tur
kish, ukrainian, nohyphenation, loaded.
(/usr/share/texmf-tetex/tex/latex/base/article.cls
Document Class: article 2004/02/16 v1.4f Standard LaTeX document class
(/usr/share/texmf-tetex/tex/latex/base/size12.clo
File: size12.clo 2004/02/16 v1.4f Standard LaTeX file (size option)
)
\c@part=\count79
\c@section=\count80
\c@subsection=\count81
\c@subsubsection=\count82
\c@paragraph=\count83
\c@subparagraph=\count84
\c@figure=\count85
\c@table=\count86
\abovecaptionskip=\skip41
\belowcaptionskip=\skip42
\bibindent=\dimen102
)
(/usr/share/texmf-tetex/tex/latex/graphics/graphicx.sty
Package: graphicx 1999/02/16 v1.0f Enhanced LaTeX Graphics (DPC,SPQR)

(/usr/share/texmf-tetex/tex/latex/graphics/keyval.sty
Package: keyval 1999/03/16 v1.13 key=value parser (DPC)
\KV@toks@=\toks14
)
(/usr/share/texmf-tetex/tex/latex/graphics/graphics.sty
Package: graphics 2001/07/07 v1.0n Standard LaTeX Graphics (DPC,SPQR)

(/usr/share/texmf-tetex/tex/latex/graphics/trig.sty
Package: trig 1999/03/16 v1.09 sin cos tan (DPC)
)
(/usr/share/texmf-tetex/tex/latex/graphics/graphics.cfg
File: graphics.cfg 2005/02/03 v1.3 graphics configuration of teTeX/TeXLive
)
Package graphics Info: Driver file: dvips.def on input line 80.

(/usr/share/texmf-tetex/tex/latex/graphics/dvips.def
File: dvips.def 1999/02/16 v3.0i Driver-dependant file (DPC,SPQR)
))
\Gin@req@height=\dimen103
\Gin@req@width=\dimen104
)
(/usr/share/texmf-tetex/tex/latex/fancybox/fancybox.sty
Package: fancybox 2000/09/19 1.3

Style option: `fancybox' v1.3 <2000/09/19> (tvz)
\@fancybox=\box26
\shadowsize=\dimen105
\@Sbox=\box27
\do@VerbBox=\toks15
\the@fancyput=\toks16
\this@fancyput=\toks17
\EndVerbatimTokens=\toks18
\Verbatim@Outfile=\write3
\Verbatim@Infile=\read1
) (./partecipanti.aux)
\openout1 = `partecipanti.aux'.

LaTeX Font Info:    Checking defaults for OML/cmm/m/it on input line 22.
LaTeX Font Info:    ... okay on input line 22.
LaTeX Font Info:    Checking defaults for T1/cmr/m/n on input line 22.
LaTeX Font Info:    ... okay on input line 22.
LaTeX Font Info:    Checking defaults for OT1/cmr/m/n on input line 22.
LaTeX Font Info:    ... okay on input line 22.
LaTeX Font Info:    Checking defaults for OMS/cmsy/m/n on input line 22.
LaTeX Font Info:    ... okay on input line 22.
LaTeX Font Info:    Checking defaults for OMX/cmex/m/n on input line 22.
LaTeX Font Info:    ... okay on input line 22.
LaTeX Font Info:    Checking defaults for U/cmr/m/n on input line 22.
LaTeX Font Info:    ... okay on input line 22.
LaTeX Font Info:    External font `cmex10' loaded for size
(Font)              <12> on input line 37.
LaTeX Font Info:    External font `cmex10' loaded for size
(Font)              <8> on input line 37.
LaTeX Font Info:    External font `cmex10' loaded for size
(Font)              <6> on input line 37.
File: logo.eps Graphic file (type eps)
 <logo.eps>
Overfull \hbox (7.64044pt too wide) in paragraph at lines 88--90
[]\OT1/cmr/m/n/12 Andrea Dall'Aglio (Uni-ver-sit^^Ra `La Sapienza' Roma), \OT1/
cmtt/m/n/12 dallaglio@mat.uniroma1.it 
 []


Overfull \hbox (3.4016pt too wide) in paragraph at lines 98--100
[]\OT1/cmr/m/n/12 Luigi D'Onofrio (Uni-ver-sit^^Ra di Napoli Parthenope), \OT1/
cmtt/m/n/12 donofrio@uniparthenope.it 
 []


Overfull \hbox (50.4222pt too wide) in paragraph at lines 102--104
[]\OT1/cmr/m/n/12 Alessandro Fer-riero (Uni-ver-si-dad Au-tonoma di Madrid) \OT
1/cmtt/m/n/12 alessandro.ferriero@gmail.com 
 []


Overfull \hbox (19.12392pt too wide) in paragraph at lines 106--108
[]\OT1/cmr/m/n/12 Mara Formica (Uni-ver-sit^^Ra di Napoli Parthenope), \OT1/cmt
t/m/n/12 mara.formica@uniparthenope.it 
 []

[1

]
Overfull \hbox (4.79187pt too wide) in paragraph at lines 110--112
[]\OT1/cmr/m/n/12 Daniela Gi-a-chetti (Uni-ver-sit^^Ra `La Sapienza' Roma), \OT
1/cmtt/m/n/12 giachett@dmmm.uniroma1.it 
 []


Overfull \hbox (23.37637pt too wide) in paragraph at lines 128--130
[]\OT1/cmr/m/n/12 Cristina Mar-celli (Uni-ver-sit^^Ra Po-litec-nica delle March
e), \OT1/cmtt/m/n/12 marcelli@dipmat.univpm.it 
 []


Overfull \hbox (15.2252pt too wide) in paragraph at lines 152--154
[]\OT1/cmr/m/n/12 Antonia Pas-sarelli di Napoli (Uni-ver-sit^^Ra di Napoli), \O
T1/cmtt/m/n/12 antonia.passarelli@unina.it 
 []


Overfull \hbox (55.8707pt too wide) in paragraph at lines 154--156
[]\OT1/cmr/m/n/12 Stefania Per-rotta (Uni-ver-sit^^Ra di Mod-ena e Reg-gio Emil
ia), \OT1/cmtt/m/n/12 stefania.perrotta@unimore.it 
 []

[2] [3] (./partecipanti.aux) ) 
Here is how much of TeX's memory you used:
 727 strings out of 94501
 8629 string characters out of 1175794
 58215 words of memory out of 1000000
 3943 multiletter control sequences out of 10000+50000
 9370 words of font info for 33 fonts, out of 500000 for 2000
 580 hyphenation exceptions out of 8191
 25i,8n,19p,210b,295s stack positions out of 1500i,500n,5000p,200000b,5000s

Output written on partecipanti.dvi (3 pages, 6032 bytes).
