This is pdfeTeX, Version 3.141592-1.21a-2.2 (Web2C 7.5.4) (format=pdflatex 2006.11.2)  8 MAR 2007 13:47
entering extended mode
**locandina.
(/usr/share/texmf-tetex/tex/latex/tools/x.tex
LaTeX2e <2003/12/01>
Babel <v3.8d> and hyphenation patterns for loaded.

! .
l.33   \batchmode \errmessage{}
                               \csname @@end\endcsname \end
This error message was generated by an \errmessage
command, so I can't give any explicit help.
Pretend that you're Hercule Poirot: Examine all clues,
and deduce the truth by order and method.

 ) 
Here is how much of TeX's memory you used:
 8 strings out of 95331
 223 string characters out of 1187712
 44796 words of memory out of 1000000
 3183 multiletter control sequences out of 10000+50000
 3640 words of font info for 14 fonts, out of 500000 for 2000
 0 hyphenation exceptions out of 8191
 5i,0n,1p,90b,8s stack positions out of 1500i,500n,5000p,200000b,5000s
PDF statistics:
 0 PDF objects out of 300000
 0 named destinations out of 131072
 1 words of extra memory for PDF output out of 65536

No pages of output.
